<?xml version="1.0" encoding="UTF-8"?>
<!-- Generated by org.testng.reporters.JUnitXMLReporter -->
<testsuite ignored="1" hostname="DESKTOP-OT1VJE0" failures="0" tests="3" name="Test" time="16.496" errors="0" timestamp="2026-09-09T04:50:08 CST">
  <testcase classname="test.LoginValidationTest" name="ValidateLoginCredentials" time="0.264"/>
  <testcase classname="test.LoginValidationTest" name="ValidateLoginCredentials" time="0.276"/>
  <testcase classname="test.LoginValidationTest" name="ValidateLoginCredentials" time="0.231"/>
  <testcase classname="test.LoginValidationTest" name="ValidateLoginCredentials_NoClickLogin" time="0.0">
    <ignored/>
  </testcase> <!-- ValidateLoginCredentials_NoClickLogin -->
</testsuite> <!-- Test -->
