<?xml version="1.0" encoding="UTF-8"?>
<!-- Generated by org.testng.reporters.JUnitXMLReporter -->
<testsuite ignored="1" hostname="DESKTOP-OT1VJE0" failures="0" tests="3" name="Test" time="5.274" errors="0" timestamp="2026-09-09T04:39:41 CST">
  <testcase classname="test.LoginValidationTest" name="ValidateLoginCredentials" time="0.315"/>
  <testcase classname="test.LoginValidationTest" name="ValidateLoginCredentials" time="0.252"/>
  <testcase classname="test.LoginValidationTest" name="ValidateLoginCredentials" time="0.295"/>
  <testcase classname="test.LoginValidationTest" name="ValidateLoginCredentials_NoClickLogin" time="0.0">
    <ignored/>
  </testcase> <!-- ValidateLoginCredentials_NoClickLogin -->
</testsuite> <!-- Test -->
