<?xml version="1.0" encoding="UTF-8"?>
<!-- Generated by org.testng.reporters.JUnitXMLReporter -->
<testsuite ignored="1" hostname="DESKTOP-OT1VJE0" failures="0" tests="3" name="Test" time="6.385" errors="0" timestamp="2026-09-02T02:04:57 CST">
  <testcase classname="Test.LoginValidationTest" name="ValidateLoginCredentials" time="0.348"/>
  <testcase classname="Test.LoginValidationTest" name="ValidateLoginCredentials" time="0.275"/>
  <testcase classname="Test.LoginValidationTest" name="ValidateLoginCredentials" time="0.316"/>
  <testcase classname="Test.LoginValidationTest" name="ValidateLoginCredentials_NoClickLogin" time="0.0">
    <ignored/>
  </testcase> <!-- ValidateLoginCredentials_NoClickLogin -->
</testsuite> <!-- Test -->
