<?xml version="1.0" encoding="UTF-8"?>
<testng-results ignored="1" total="7" passed="6" failed="0" skipped="0">
  <reporter-output>
  </reporter-output>
  <suite started-at="2026-09-09T04:49:27 CST" name="Suite" finished-at="2026-09-09T04:49:40 CST" duration-ms="12456">
    <groups>
    </groups>
    <test started-at="2026-09-09T04:49:27 CST" name="Test" finished-at="2026-09-09T04:49:40 CST" duration-ms="12456">
      <class name="test.EndToEndTest">
        <test-method is-config="true" signature="goTo()[pri:0, instance:test.EndToEndTest@1817d444]" started-at="2026-09-09T04:49:27 CST" name="goTo" finished-at="2026-09-09T04:49:37 CST" duration-ms="9505" status="PASS">
          <reporter-output>
          </reporter-output>
        </test-method> <!-- goTo -->
        <test-method signature="sampleEndToEnd()[pri:0, instance:test.EndToEndTest@1817d444]" started-at="2026-09-09T04:49:37 CST" name="sampleEndToEnd" finished-at="2026-09-09T04:49:39 CST" duration-ms="1830" status="PASS">
          <reporter-output>
          </reporter-output>
        </test-method> <!-- sampleEndToEnd -->
        <test-method is-config="true" signature="closeBrowser()[pri:0, instance:test.EndToEndTest@1817d444]" started-at="2026-09-09T04:49:39 CST" name="closeBrowser" finished-at="2026-09-09T04:49:40 CST" duration-ms="1069" status="PASS">
          <reporter-output>
          </reporter-output>
        </test-method> <!-- closeBrowser -->
      </class> <!-- test.EndToEndTest -->
    </test> <!-- Test -->
  </suite> <!-- Suite -->
  <suite started-at="2026-09-09T04:49:51 CST" name="Suite (1)" finished-at="2026-09-09T04:50:08 CST" duration-ms="16496">
    <groups>
      <group name="login">
        <method signature="LoginValidationTest.ValidateLoginCredentials(java.lang.String,java.lang.String)[pri:0, instance:test.LoginValidationTest@1623b78d]" name="ValidateLoginCredentials" class="test.LoginValidationTest"/>
      </group> <!-- login -->
    </groups>
    <test started-at="2026-09-09T04:49:51 CST" name="Test" finished-at="2026-09-09T04:50:08 CST" duration-ms="16496">
      <class name="test.LoginValidationTest">
        <test-method is-config="true" signature="goTo()[pri:0, instance:test.LoginValidationTest@1623b78d]" started-at="2026-09-09T04:49:51 CST" name="goTo" finished-at="2026-09-09T04:49:55 CST" duration-ms="3939" status="PASS">
          <reporter-output>
          </reporter-output>
        </test-method> <!-- goTo -->
        <test-method signature="ValidateLoginCredentials(java.lang.String,java.lang.String)[pri:0, instance:test.LoginValidationTest@1623b78d]" started-at="2026-09-09T04:49:55 CST" name="ValidateLoginCredentials" data-provider="BasicLoginData" finished-at="2026-09-09T04:49:55 CST" duration-ms="264" status="PASS">
          <params>
            <param index="0">
              <value>
                <![CDATA[standard_user]]>
              </value>
            </param>
            <param index="1">
              <value>
                <![CDATA[secret_sauce]]>
              </value>
            </param>
          </params>
          <reporter-output>
          </reporter-output>
        </test-method> <!-- ValidateLoginCredentials -->
        <test-method is-config="true" signature="closeBrowser()[pri:0, instance:test.LoginValidationTest@1623b78d]" started-at="2026-09-09T04:49:55 CST" name="closeBrowser" finished-at="2026-09-09T04:49:56 CST" duration-ms="1074" status="PASS">
          <reporter-output>
          </reporter-output>
        </test-method> <!-- closeBrowser -->
        <test-method is-config="true" signature="goTo()[pri:0, instance:test.LoginValidationTest@1623b78d]" started-at="2026-09-09T04:49:56 CST" name="goTo" finished-at="2026-09-09T04:50:00 CST" duration-ms="3977" status="PASS">
          <reporter-output>
          </reporter-output>
        </test-method> <!-- goTo -->
        <test-method signature="ValidateLoginCredentials(java.lang.String,java.lang.String)[pri:0, instance:test.LoginValidationTest@1623b78d]" started-at="2026-09-09T04:50:00 CST" name="ValidateLoginCredentials" data-provider="BasicLoginData" finished-at="2026-09-09T04:50:01 CST" duration-ms="276" status="PASS">
          <params>
            <param index="0">
              <value>
                <![CDATA[locked_out_user]]>
              </value>
            </param>
            <param index="1">
              <value>
                <![CDATA[secret_sauce]]>
              </value>
            </param>
          </params>
          <reporter-output>
          </reporter-output>
        </test-method> <!-- ValidateLoginCredentials -->
        <test-method is-config="true" signature="closeBrowser()[pri:0, instance:test.LoginValidationTest@1623b78d]" started-at="2026-09-09T04:50:01 CST" name="closeBrowser" finished-at="2026-09-09T04:50:02 CST" duration-ms="1664" status="PASS">
          <reporter-output>
          </reporter-output>
        </test-method> <!-- closeBrowser -->
        <test-method is-config="true" signature="goTo()[pri:0, instance:test.LoginValidationTest@1623b78d]" started-at="2026-09-09T04:50:02 CST" name="goTo" finished-at="2026-09-09T04:50:06 CST" duration-ms="3957" status="PASS">
          <reporter-output>
          </reporter-output>
        </test-method> <!-- goTo -->
        <test-method signature="ValidateLoginCredentials(java.lang.String,java.lang.String)[pri:0, instance:test.LoginValidationTest@1623b78d]" started-at="2026-09-09T04:50:06 CST" name="ValidateLoginCredentials" data-provider="BasicLoginData" finished-at="2026-09-09T04:50:07 CST" duration-ms="231" status="PASS">
          <params>
            <param index="0">
              <value>
                <![CDATA[problem_user]]>
              </value>
            </param>
            <param index="1">
              <value>
                <![CDATA[secret_sauce]]>
              </value>
            </param>
          </params>
          <reporter-output>
          </reporter-output>
        </test-method> <!-- ValidateLoginCredentials -->
        <test-method is-config="true" signature="closeBrowser()[pri:0, instance:test.LoginValidationTest@1623b78d]" started-at="2026-09-09T04:50:07 CST" name="closeBrowser" finished-at="2026-09-09T04:50:08 CST" duration-ms="1103" status="PASS">
          <reporter-output>
          </reporter-output>
        </test-method> <!-- closeBrowser -->
      </class> <!-- test.LoginValidationTest -->
    </test> <!-- Test -->
  </suite> <!-- Suite (1) -->
  <suite started-at="2026-09-09T04:49:40 CST" name="Suite (0)" finished-at="2026-09-09T04:49:51 CST" duration-ms="11228">
    <groups>
    </groups>
    <test started-at="2026-09-09T04:49:40 CST" name="Test" finished-at="2026-09-09T04:49:51 CST" duration-ms="11228">
      <class name="test.ItemTesting">
        <test-method is-config="true" signature="goTo()[pri:0, instance:test.ItemTesting@36bc55de]" started-at="2026-09-09T04:49:40 CST" name="goTo" finished-at="2026-09-09T04:49:44 CST" duration-ms="3956" status="PASS">
          <reporter-output>
          </reporter-output>
        </test-method> <!-- goTo -->
        <test-method signature="addItemToCart()[pri:0, instance:test.ItemTesting@36bc55de]" started-at="2026-09-09T04:49:44 CST" name="addItemToCart" finished-at="2026-09-09T04:49:44 CST" duration-ms="512" status="PASS">
          <reporter-output>
          </reporter-output>
        </test-method> <!-- addItemToCart -->
        <test-method is-config="true" signature="closeBrowser()[pri:0, instance:test.ItemTesting@36bc55de]" started-at="2026-09-09T04:49:44 CST" name="closeBrowser" finished-at="2026-09-09T04:49:45 CST" duration-ms="1101" status="PASS">
          <reporter-output>
          </reporter-output>
        </test-method> <!-- closeBrowser -->
        <test-method is-config="true" signature="goTo()[pri:0, instance:test.ItemTesting@36bc55de]" started-at="2026-09-09T04:49:45 CST" name="goTo" finished-at="2026-09-09T04:49:49 CST" duration-ms="3997" status="PASS">
          <reporter-output>
          </reporter-output>
        </test-method> <!-- goTo -->
        <test-method signature="addMultipleItemsToCart()[pri:0, instance:test.ItemTesting@36bc55de]" started-at="2026-09-09T04:49:49 CST" name="addMultipleItemsToCart" finished-at="2026-09-09T04:49:50 CST" duration-ms="586" status="PASS">
          <reporter-output>
          </reporter-output>
        </test-method> <!-- addMultipleItemsToCart -->
        <test-method is-config="true" signature="closeBrowser()[pri:0, instance:test.ItemTesting@36bc55de]" started-at="2026-09-09T04:49:50 CST" name="closeBrowser" finished-at="2026-09-09T04:49:51 CST" duration-ms="1073" status="PASS">
          <reporter-output>
          </reporter-output>
        </test-method> <!-- closeBrowser -->
      </class> <!-- test.ItemTesting -->
    </test> <!-- Test -->
  </suite> <!-- Suite (0) -->
  <suite started-at="2026-09-09T04:50:08 CST" name="Master Regression tests" finished-at="2026-09-09T04:50:08 CST" duration-ms="0">
    <groups>
    </groups>
  </suite> <!-- Master Regression tests -->
</testng-results>
