<?xml version="1.0" encoding="UTF-8"?>
<testsuite xmlns:xsi="http://www.w3.org/2001/XMLSchema-instance" xsi:noNamespaceSchemaLocation="https://maven.apache.org/surefire/maven-surefire-plugin/xsd/surefire-test-report.xsd" version="3.0.2" name="test.LoginValidationTest" time="103.349" tests="9" errors="1" skipped="0" failures="0" flakes="0">
  <properties>
[...]
</properties>
  <testcase name="ValidateLoginCredentials(java.lang.String, java.lang.String)[0]" classname="test.LoginValidationTest" time="0.368">
    <system-err><![CDATA[Sep 12, 2026 4:38:37 AM org.openqa.selenium.devtools.CdpVersionFinder findNearestMatch
WARNING: Unable to find an exact match for CDP version 153, returning the closest version; found: 152; Please update to a Selenium version that supports CDP version 153
]]></system-err>
  </testcase>
  <testcase name="ValidateLoginCredentials(java.lang.String, java.lang.String)[1]" classname="test.LoginValidationTest" time="15.902">
    <error message="Expected condition failed: waiting for visibility of Proxy element for: DefaultElementLocator &apos;By.className: app_logo&apos;&#10;(tried for 10 seconds with 500 milliseconds interval)" type="org.openqa.selenium.TimeoutException"><![CDATA[org.openqa.selenium.TimeoutException: 
Expected condition failed: waiting for visibility of Proxy element for: DefaultElementLocator 'By.className: app_logo'
(tried for 10 seconds with 500 milliseconds interval)
	at org.openqa.selenium.support.ui.WebDriverWait.timeoutException(WebDriverWait.java:85)
	at org.openqa.selenium.support.ui.FluentWait.until(FluentWait.java:234)
	at pageObjects.AbstractComponent.WaitForElementToBeVisible(AbstractComponent.java:39)
	at test.LoginValidationTest.ValidateLoginCredentials(LoginValidationTest.java:31)
	at java.base/java.lang.reflect.Method.invoke(Method.java:580)
	at org.testng.internal.invokers.MethodInvocationHelper.invokeMethod(MethodInvocationHelper.java:141)
	at org.testng.internal.invokers.TestInvoker.invokeMethod(TestInvoker.java:697)
	at org.testng.internal.invokers.TestInvoker.invokeTestMethod(TestInvoker.java:230)
	at org.testng.internal.invokers.MethodRunner.runInSequence(MethodRunner.java:63)
	at org.testng.internal.invokers.TestInvoker$MethodInvocationAgent.invoke(TestInvoker.java:1005)
	at org.testng.internal.invokers.TestInvoker.invokeTestMethods(TestInvoker.java:203)
	at org.testng.internal.invokers.TestMethodWorker.invokeTestMethods(TestMethodWorker.java:154)
	at org.testng.internal.invokers.TestMethodWorker.run(TestMethodWorker.java:134)
	at java.base/java.util.ArrayList.forEach(ArrayList.java:1596)
	at org.testng.TestRunner.privateRun(TestRunner.java:744)
	at org.testng.TestRunner.run(TestRunner.java:616)
	at org.testng.SuiteRunner.runTest(SuiteRunner.java:421)
	at org.testng.SuiteRunner.runSequentially(SuiteRunner.java:413)
	at org.testng.SuiteRunner.privateRun(SuiteRunner.java:373)
	at org.testng.SuiteRunner.run(SuiteRunner.java:312)
	at org.testng.SuiteRunnerWorker.runSuite(SuiteRunnerWorker.java:52)
	at org.testng.SuiteRunnerWorker.run(SuiteRunnerWorker.java:95)
	at org.testng.TestNG.runSuitesSequentially(TestNG.java:1274)
	at org.testng.TestNG.runSuitesLocally(TestNG.java:1208)
	at org.testng.TestNG.runSuites(TestNG.java:1112)
	at org.testng.TestNG.run(TestNG.java:1079)
Caused by: org.openqa.selenium.NoSuchElementException: no such element: Unable to locate element: {"method":"css selector","selector":".app_logo"}
  (Session info: chrome=153.0.8010.37)
For documentation on this error, please visit: https://www.selenium.dev/documentation/webdriver/troubleshooting/errors#nosuchelementexception
Build info: version: '4.48.0', revision: '27f5213 27f5213055e28398a5105b7892b7a3bb2012a6ef'
System info: os.name: 'Windows 10', os.arch: 'amd64', os.version: '10.0', java.version: '21.0.10'
Driver info: org.openqa.selenium.chrome.ChromeDriver
Command: [d96911dc0bfeac14c3838ef9334daf39, findElement {value=app_logo, using=class name}]
Capabilities {acceptInsecureCerts: false, browserName: chrome, browserVersion: 153.0.8010.37, chrome: {chromedriverVersion: 153.0.8010.36 (507c6ee3e2f3..., userDataDir: C:\Users\jo4bl\AppData\Loca...}, fedcm:accounts: true, goog:chromeOptions: {debuggerAddress: localhost:57794}, goog:processID: 15536, networkConnectionEnabled: false, pageLoadStrategy: normal, platformName: windows, proxy: Proxy(), se:cdp: ws://localhost:57794/devtoo..., se:cdpVersion: 153.0.8010.37, setWindowRect: true, strictFileInteractability: false, timeouts: {implicit: 0, pageLoad: 300000, script: 30000}, unhandledPromptBehavior: dismiss and notify, webauthn:extension:cmtgKey: true, webauthn:extension:credBlob: true, webauthn:extension:largeBlob: true, webauthn:extension:minPinLength: true, webauthn:extension:prf: true, webauthn:virtualAuthenticators: true}
Session ID: d96911dc0bfeac14c3838ef9334daf39
	at org.openqa.selenium.remote.ErrorCodec.decode(ErrorCodec.java:169)
	at org.openqa.selenium.remote.codec.w3c.W3CHttpResponseCodec.decode(W3CHttpResponseCodec.java:143)
	at org.openqa.selenium.remote.codec.w3c.W3CHttpResponseCodec.decode(W3CHttpResponseCodec.java:50)
	at org.openqa.selenium.remote.HttpCommandExecutor.execute(HttpCommandExecutor.java:196)
	at org.openqa.selenium.remote.service.DriverCommandExecutor.invokeExecute(DriverCommandExecutor.java:217)
	at org.openqa.selenium.remote.service.DriverCommandExecutor.execute(DriverCommandExecutor.java:175)
	at org.openqa.selenium.remote.RemoteWebDriver.execute(RemoteWebDriver.java:653)
	at org.openqa.selenium.remote.ElementLocation$ElementFinder$2.findElement(ElementLocation.java:173)
	at org.openqa.selenium.remote.ElementLocation.findElement(ElementLocation.java:60)
	at org.openqa.selenium.remote.RemoteWebDriver.findElement(RemoteWebDriver.java:417)
	at org.openqa.selenium.remote.RemoteWebDriver.findElement(RemoteWebDriver.java:411)
	at org.openqa.selenium.support.pagefactory.DefaultElementLocator.findElement(DefaultElementLocator.java:69)
	at org.openqa.selenium.support.pagefactory.internal.LocatingElementHandler.invoke(LocatingElementHandler.java:38)
	at jdk.proxy2/jdk.proxy2.$Proxy11.isDisplayed(Unknown Source)
	at org.openqa.selenium.support.ui.ExpectedConditions.elementIfVisible(ExpectedConditions.java:365)
	at org.openqa.selenium.support.ui.ExpectedConditions$10.apply(ExpectedConditions.java:351)
	at org.openqa.selenium.support.ui.ExpectedConditions$10.apply(ExpectedConditions.java:348)
	at org.openqa.selenium.support.ui.FluentWait.until(FluentWait.java:210)
	... 24 more
]]></error>
    <system-err><![CDATA[Sep 12, 2026 4:38:42 AM org.openqa.selenium.devtools.CdpVersionFinder findNearestMatch
WARNING: Unable to find an exact match for CDP version 153, returning the closest version; found: 152; Please update to a Selenium version that supports CDP version 153
]]></system-err>
  </testcase>
  <testcase name="ValidateLoginCredentials(java.lang.String, java.lang.String)[2]" classname="test.LoginValidationTest" time="0.346">
    <system-err><![CDATA[Sep 12, 2026 4:39:02 AM org.openqa.selenium.devtools.CdpVersionFinder findNearestMatch
WARNING: Unable to find an exact match for CDP version 153, returning the closest version; found: 152; Please update to a Selenium version that supports CDP version 153
]]></system-err>
  </testcase>
  <testcase name="ValidateLoginCredentials_NoClickLogin(java.lang.String, java.lang.String)[0]" classname="test.LoginValidationTest" time="0.18">
    <system-err><![CDATA[Sep 12, 2026 4:39:06 AM org.openqa.selenium.devtools.CdpVersionFinder findNearestMatch
WARNING: Unable to find an exact match for CDP version 153, returning the closest version; found: 152; Please update to a Selenium version that supports CDP version 153
]]></system-err>
  </testcase>
  <testcase name="ValidateLoginCredentials_NoClickLogin(java.lang.String, java.lang.String)[1]" classname="test.LoginValidationTest" time="0.2">
    <system-err><![CDATA[Sep 12, 2026 4:39:34 AM org.openqa.selenium.devtools.CdpVersionFinder findNearestMatch
WARNING: Unable to find an exact match for CDP version 153, returning the closest version; found: 152; Please update to a Selenium version that supports CDP version 153
]]></system-err>
  </testcase>
  <testcase name="ValidateLoginCredentials_NoClickLogin(java.lang.String, java.lang.String)[2]" classname="test.LoginValidationTest" time="0.181">
    <system-err><![CDATA[Sep 12, 2026 4:39:39 AM org.openqa.selenium.devtools.CdpVersionFinder findNearestMatch
WARNING: Unable to find an exact match for CDP version 153, returning the closest version; found: 152; Please update to a Selenium version that supports CDP version 153
]]></system-err>
  </testcase>
  <testcase name="ValidateLoginCredentials_NoClickLogin(java.lang.String, java.lang.String)[3]" classname="test.LoginValidationTest" time="0.2">
    <system-err><![CDATA[Sep 12, 2026 4:39:43 AM org.openqa.selenium.devtools.CdpVersionFinder findNearestMatch
WARNING: Unable to find an exact match for CDP version 153, returning the closest version; found: 152; Please update to a Selenium version that supports CDP version 153
]]></system-err>
  </testcase>
  <testcase name="ValidateLoginCredentials_NoClickLogin(java.lang.String, java.lang.String)[4]" classname="test.LoginValidationTest" time="0.174">
    <system-err><![CDATA[Sep 12, 2026 4:39:48 AM org.openqa.selenium.devtools.CdpVersionFinder findNearestMatch
WARNING: Unable to find an exact match for CDP version 153, returning the closest version; found: 152; Please update to a Selenium version that supports CDP version 153
]]></system-err>
  </testcase>
  <testcase name="ValidateLoginCredentials_NoClickLogin(java.lang.String, java.lang.String)[5]" classname="test.LoginValidationTest" time="0.192">
    <system-err><![CDATA[Sep 12, 2026 4:40:16 AM org.openqa.selenium.devtools.CdpVersionFinder findNearestMatch
WARNING: Unable to find an exact match for CDP version 153, returning the closest version; found: 152; Please update to a Selenium version that supports CDP version 153
]]></system-err>
  </testcase>
</testsuite>