<?xml version="1.0" encoding="UTF-8"?>
<testng-results ignored="1" total="7" passed="6" failed="0" skipped="0">
  <reporter-output>
  </reporter-output>
  <suite started-at="2026-09-09T04:39:28 CST" name="Suite" finished-at="2026-09-09T04:39:32 CST" duration-ms="4180">
    <groups>
    </groups>
    <test started-at="2026-09-09T04:39:28 CST" name="Test" finished-at="2026-09-09T04:39:32 CST" duration-ms="4180">
      <class name="test.EndToEndTest">
        <test-method is-config="true" signature="goTo()[pri:0, instance:test.EndToEndTest@1817d444]" started-at="2026-09-09T04:39:28 CST" name="goTo" finished-at="2026-09-09T04:39:29 CST" duration-ms="1921" status="PASS">
          <reporter-output>
          </reporter-output>
        </test-method> <!-- goTo -->
        <test-method signature="sampleEndToEnd()[pri:0, instance:test.EndToEndTest@1817d444]" started-at="2026-09-09T04:39:29 CST" name="sampleEndToEnd" finished-at="2026-09-09T04:39:32 CST" duration-ms="2056" status="PASS">
          <reporter-output>
          </reporter-output>
        </test-method> <!-- sampleEndToEnd -->
        <test-method is-config="true" signature="closeBrowser()[pri:0, instance:test.EndToEndTest@1817d444]" started-at="2026-09-09T04:39:32 CST" name="closeBrowser" finished-at="2026-09-09T04:39:32 CST" duration-ms="160" status="PASS">
          <reporter-output>
          </reporter-output>
        </test-method> <!-- closeBrowser -->
      </class> <!-- test.EndToEndTest -->
    </test> <!-- Test -->
  </suite> <!-- Suite -->
  <suite started-at="2026-09-09T04:39:36 CST" name="Suite (1)" finished-at="2026-09-09T04:39:41 CST" duration-ms="5274">
    <groups>
      <group name="login">
        <method signature="LoginValidationTest.ValidateLoginCredentials(java.lang.String,java.lang.String)[pri:0, instance:test.LoginValidationTest@1623b78d]" name="ValidateLoginCredentials" class="test.LoginValidationTest"/>
      </group> <!-- login -->
    </groups>
    <test started-at="2026-09-09T04:39:36 CST" name="Test" finished-at="2026-09-09T04:39:41 CST" duration-ms="5274">
      <class name="test.LoginValidationTest">
        <test-method is-config="true" signature="goTo()[pri:0, instance:test.LoginValidationTest@1623b78d]" started-at="2026-09-09T04:39:36 CST" name="goTo" finished-at="2026-09-09T04:39:37 CST" duration-ms="1257" status="PASS">
          <reporter-output>
          </reporter-output>
        </test-method> <!-- goTo -->
        <test-method signature="ValidateLoginCredentials(java.lang.String,java.lang.String)[pri:0, instance:test.LoginValidationTest@1623b78d]" started-at="2026-09-09T04:39:37 CST" name="ValidateLoginCredentials" data-provider="BasicLoginData" finished-at="2026-09-09T04:39:38 CST" duration-ms="315" status="PASS">
          <params>
            <param index="0">
              <value>
                <![CDATA[standard_user]]>
              </value>
            </param>
            <param index="1">
              <value>
                <![CDATA[secret_sauce]]>
              </value>
            </param>
          </params>
          <reporter-output>
          </reporter-output>
        </test-method> <!-- ValidateLoginCredentials -->
        <test-method is-config="true" signature="closeBrowser()[pri:0, instance:test.LoginValidationTest@1623b78d]" started-at="2026-09-09T04:39:38 CST" name="closeBrowser" finished-at="2026-09-09T04:39:38 CST" duration-ms="140" status="PASS">
          <reporter-output>
          </reporter-output>
        </test-method> <!-- closeBrowser -->
        <test-method is-config="true" signature="goTo()[pri:0, instance:test.LoginValidationTest@1623b78d]" started-at="2026-09-09T04:39:38 CST" name="goTo" finished-at="2026-09-09T04:39:39 CST" duration-ms="1272" status="PASS">
          <reporter-output>
          </reporter-output>
        </test-method> <!-- goTo -->
        <test-method signature="ValidateLoginCredentials(java.lang.String,java.lang.String)[pri:0, instance:test.LoginValidationTest@1623b78d]" started-at="2026-09-09T04:39:39 CST" name="ValidateLoginCredentials" data-provider="BasicLoginData" finished-at="2026-09-09T04:39:39 CST" duration-ms="252" status="PASS">
          <params>
            <param index="0">
              <value>
                <![CDATA[locked_out_user]]>
              </value>
            </param>
            <param index="1">
              <value>
                <![CDATA[secret_sauce]]>
              </value>
            </param>
          </params>
          <reporter-output>
          </reporter-output>
        </test-method> <!-- ValidateLoginCredentials -->
        <test-method is-config="true" signature="closeBrowser()[pri:0, instance:test.LoginValidationTest@1623b78d]" started-at="2026-09-09T04:39:39 CST" name="closeBrowser" finished-at="2026-09-09T04:39:39 CST" duration-ms="128" status="PASS">
          <reporter-output>
          </reporter-output>
        </test-method> <!-- closeBrowser -->
        <test-method is-config="true" signature="goTo()[pri:0, instance:test.LoginValidationTest@1623b78d]" started-at="2026-09-09T04:39:39 CST" name="goTo" finished-at="2026-09-09T04:39:41 CST" duration-ms="1446" status="PASS">
          <reporter-output>
          </reporter-output>
        </test-method> <!-- goTo -->
        <test-method signature="ValidateLoginCredentials(java.lang.String,java.lang.String)[pri:0, instance:test.LoginValidationTest@1623b78d]" started-at="2026-09-09T04:39:41 CST" name="ValidateLoginCredentials" data-provider="BasicLoginData" finished-at="2026-09-09T04:39:41 CST" duration-ms="295" status="PASS">
          <params>
            <param index="0">
              <value>
                <![CDATA[problem_user]]>
              </value>
            </param>
            <param index="1">
              <value>
                <![CDATA[secret_sauce]]>
              </value>
            </param>
          </params>
          <reporter-output>
          </reporter-output>
        </test-method> <!-- ValidateLoginCredentials -->
        <test-method is-config="true" signature="closeBrowser()[pri:0, instance:test.LoginValidationTest@1623b78d]" started-at="2026-09-09T04:39:41 CST" name="closeBrowser" finished-at="2026-09-09T04:39:41 CST" duration-ms="155" status="PASS">
          <reporter-output>
          </reporter-output>
        </test-method> <!-- closeBrowser -->
      </class> <!-- test.LoginValidationTest -->
    </test> <!-- Test -->
  </suite> <!-- Suite (1) -->
  <suite started-at="2026-09-09T04:39:32 CST" name="Suite (0)" finished-at="2026-09-09T04:39:36 CST" duration-ms="4262">
    <groups>
    </groups>
    <test started-at="2026-09-09T04:39:32 CST" name="Test" finished-at="2026-09-09T04:39:36 CST" duration-ms="4262">
      <class name="test.ItemTesting">
        <test-method is-config="true" signature="goTo()[pri:0, instance:test.ItemTesting@36bc55de]" started-at="2026-09-09T04:39:32 CST" name="goTo" finished-at="2026-09-09T04:39:33 CST" duration-ms="1399" status="PASS">
          <reporter-output>
          </reporter-output>
        </test-method> <!-- goTo -->
        <test-method signature="addItemToCart()[pri:0, instance:test.ItemTesting@36bc55de]" started-at="2026-09-09T04:39:33 CST" name="addItemToCart" finished-at="2026-09-09T04:39:34 CST" duration-ms="565" status="PASS">
          <reporter-output>
          </reporter-output>
        </test-method> <!-- addItemToCart -->
        <test-method is-config="true" signature="closeBrowser()[pri:0, instance:test.ItemTesting@36bc55de]" started-at="2026-09-09T04:39:34 CST" name="closeBrowser" finished-at="2026-09-09T04:39:34 CST" duration-ms="173" status="PASS">
          <reporter-output>
          </reporter-output>
        </test-method> <!-- closeBrowser -->
        <test-method is-config="true" signature="goTo()[pri:0, instance:test.ItemTesting@36bc55de]" started-at="2026-09-09T04:39:34 CST" name="goTo" finished-at="2026-09-09T04:39:35 CST" duration-ms="1240" status="PASS">
          <reporter-output>
          </reporter-output>
        </test-method> <!-- goTo -->
        <test-method signature="addMultipleItemsToCart()[pri:0, instance:test.ItemTesting@36bc55de]" started-at="2026-09-09T04:39:35 CST" name="addMultipleItemsToCart" finished-at="2026-09-09T04:39:36 CST" duration-ms="726" status="PASS">
          <reporter-output>
          </reporter-output>
        </test-method> <!-- addMultipleItemsToCart -->
        <test-method is-config="true" signature="closeBrowser()[pri:0, instance:test.ItemTesting@36bc55de]" started-at="2026-09-09T04:39:36 CST" name="closeBrowser" finished-at="2026-09-09T04:39:36 CST" duration-ms="155" status="PASS">
          <reporter-output>
          </reporter-output>
        </test-method> <!-- closeBrowser -->
      </class> <!-- test.ItemTesting -->
    </test> <!-- Test -->
  </suite> <!-- Suite (0) -->
  <suite started-at="2026-09-09T04:39:41 CST" name="Master Regression tests" finished-at="2026-09-09T04:39:41 CST" duration-ms="0">
    <groups>
    </groups>
  </suite> <!-- Master Regression tests -->
</testng-results>
