<?xml version="1.0" encoding="UTF-8"?>
<!-- Generated by org.testng.reporters.JUnitReportReporter -->
<testsuite hostname="DESKTOP-OT1VJE0" failures="0" tests="6" name="Test.LoginValidationTest" time="51.270" errors="0" timestamp="2026-08-18T20:45:41 CST" skipped="0">
  <testcase classname="Test.LoginValidationTest" name="ValidateLoginCredentials_NoClickLogin" time="3.869"/>
  <testcase classname="Test.LoginValidationTest" name="ValidateLoginCredentials_NoClickLogin" time="4.482"/>
  <testcase classname="Test.LoginValidationTest" name="ValidateLoginCredentials_NoClickLogin" time="8.185"/>
  <testcase classname="Test.LoginValidationTest" name="ValidateLoginCredentials_NoClickLogin" time="25.843"/>
  <testcase classname="Test.LoginValidationTest" name="ValidateLoginCredentials_NoClickLogin" time="4.625"/>
  <testcase classname="Test.LoginValidationTest" name="ValidateLoginCredentials_NoClickLogin" time="4.266"/>
</testsuite> <!-- Test.LoginValidationTest -->
