<?xml version="1.0" encoding="UTF-8"?>
<!-- Generated by org.testng.reporters.JUnitReportReporter -->
<testsuite hostname="DESKTOP-OT1VJE0" failures="0" tests="3" name="test.LoginValidationTest" time="5.260" errors="0" timestamp="2026-09-09T04:39:41 CST" skipped="0">
  <testcase classname="test.LoginValidationTest" name="ValidateLoginCredentials" time="1.896"/>
  <testcase classname="test.LoginValidationTest" name="ValidateLoginCredentials" time="1.637"/>
  <testcase classname="test.LoginValidationTest" name="ValidateLoginCredentials" time="1.727"/>
</testsuite> <!-- test.LoginValidationTest -->
