<?xml version="1.0" encoding="UTF-8"?>
<!-- Generated by org.testng.reporters.JUnitReportReporter -->
<testsuite hostname="DESKTOP-OT1VJE0" failures="0" tests="3" name="test.LoginValidationTest" time="16.485" errors="0" timestamp="2026-09-09T04:50:08 CST" skipped="0">
  <testcase classname="test.LoginValidationTest" name="ValidateLoginCredentials" time="5.291"/>
  <testcase classname="test.LoginValidationTest" name="ValidateLoginCredentials" time="5.315"/>
  <testcase classname="test.LoginValidationTest" name="ValidateLoginCredentials" time="5.879"/>
</testsuite> <!-- test.LoginValidationTest -->
